C:\Program Files (x86)\Microsoft Visual Studio\2019\Community\MSBuild\Microsoft\VC\v160\Microsoft.CppBuild.targets(491,5): warning MSB8028: Das Zwischenverzeichnis (..\..\build\) enthält freigegebene Dateien aus einem anderen Projekt (app.vcxproj). Dies kann zu einem falschen Bereinigungs- und Neuerstellungsverhalten führen.
  app.cpp
  LINK : ..\..\bin\snake-appd.exe wurde nicht gefunden oder beim letzten inkrementellen Linkvorgang nicht erstellt; vollständiger Link wird durchgeführt.
yoshix_fix_function_debug.lib(yoshix_constant_buffer.obj) : warning LNK4099: PDB "yoshix_fix_function.pdb" wurde nicht mit "yoshix_fix_function_debug.lib(yoshix_constant_buffer.obj)" oder an "C:\Users\Livia\Documents\Studium FH Erfurt\7. Semester\GDV 1 - 2.0\gdv1_SnakeProjectSchumm\bin\yoshix_fix_function.pdb" gefunden; Objekt wird verknüpft, als ob keine Debuginformationen vorhanden wären.
yoshix_fix_function_debug.lib(yoshix_constant_buffer_manager.obj) : warning LNK4099: PDB "" wurde nicht mit "yoshix_fix_function_debug.lib(yoshix_constant_buffer_manager.obj)" oder an "" gefunden; Objekt wird verknüpft, als ob keine Debuginformationen vorhanden wären.
yoshix_fix_function_debug.lib(yoshix_fix_function.obj) : warning LNK4099: PDB "yoshix_fix_function.pdb" wurde nicht mit "yoshix_fix_function_debug.lib(yoshix_fix_function.obj)" oder an "C:\Users\Livia\Documents\Studium FH Erfurt\7. Semester\GDV 1 - 2.0\gdv1_SnakeProjectSchumm\bin\yoshix_fix_function.pdb" gefunden; Objekt wird verknüpft, als ob keine Debuginformationen vorhanden wären.
yoshix_fix_function_debug.lib(yoshix_input_layout.obj) : warning LNK4099: PDB "yoshix_fix_function.pdb" wurde nicht mit "yoshix_fix_function_debug.lib(yoshix_input_layout.obj)" oder an "C:\Users\Livia\Documents\Studium FH Erfurt\7. Semester\GDV 1 - 2.0\gdv1_SnakeProjectSchumm\bin\yoshix_fix_function.pdb" gefunden; Objekt wird verknüpft, als ob keine Debuginformationen vorhanden wären.
yoshix_fix_function_debug.lib(yoshix_log.obj) : warning LNK4099: PDB "" wurde nicht mit "yoshix_fix_function_debug.lib(yoshix_log.obj)" oder an "" gefunden; Objekt wird verknüpft, als ob keine Debuginformationen vorhanden wären.
yoshix_fix_function_debug.lib(yoshix_main.obj) : warning LNK4099: PDB "yoshix_fix_function.pdb" wurde nicht mit "yoshix_fix_function_debug.lib(yoshix_main.obj)" oder an "C:\Users\Livia\Documents\Studium FH Erfurt\7. Semester\GDV 1 - 2.0\gdv1_SnakeProjectSchumm\bin\yoshix_fix_function.pdb" gefunden; Objekt wird verknüpft, als ob keine Debuginformationen vorhanden wären.
yoshix_fix_function_debug.lib(yoshix_material.obj) : warning LNK4099: PDB "yoshix_fix_function.pdb" wurde nicht mit "yoshix_fix_function_debug.lib(yoshix_material.obj)" oder an "C:\Users\Livia\Documents\Studium FH Erfurt\7. Semester\GDV 1 - 2.0\gdv1_SnakeProjectSchumm\bin\yoshix_fix_function.pdb" gefunden; Objekt wird verknüpft, als ob keine Debuginformationen vorhanden wären.
yoshix_fix_function_debug.lib(yoshix_material_manager.obj) : warning LNK4099: PDB "" wurde nicht mit "yoshix_fix_function_debug.lib(yoshix_material_manager.obj)" oder an "" gefunden; Objekt wird verknüpft, als ob keine Debuginformationen vorhanden wären.
yoshix_fix_function_debug.lib(yoshix_math.obj) : warning LNK4099: PDB "yoshix_fix_function.pdb" wurde nicht mit "yoshix_fix_function_debug.lib(yoshix_math.obj)" oder an "C:\Users\Livia\Documents\Studium FH Erfurt\7. Semester\GDV 1 - 2.0\gdv1_SnakeProjectSchumm\bin\yoshix_fix_function.pdb" gefunden; Objekt wird verknüpft, als ob keine Debuginformationen vorhanden wären.
yoshix_fix_function_debug.lib(yoshix_mesh.obj) : warning LNK4099: PDB "" wurde nicht mit "yoshix_fix_function_debug.lib(yoshix_mesh.obj)" oder an "" gefunden; Objekt wird verknüpft, als ob keine Debuginformationen vorhanden wären.
yoshix_fix_function_debug.lib(yoshix_mesh_manager.obj) : warning LNK4099: PDB "" wurde nicht mit "yoshix_fix_function_debug.lib(yoshix_mesh_manager.obj)" oder an "" gefunden; Objekt wird verknüpft, als ob keine Debuginformationen vorhanden wären.
yoshix_fix_function_debug.lib(yoshix_pixel_shader.obj) : warning LNK4099: PDB "yoshix_fix_function.pdb" wurde nicht mit "yoshix_fix_function_debug.lib(yoshix_pixel_shader.obj)" oder an "C:\Users\Livia\Documents\Studium FH Erfurt\7. Semester\GDV 1 - 2.0\gdv1_SnakeProjectSchumm\bin\yoshix_fix_function.pdb" gefunden; Objekt wird verknüpft, als ob keine Debuginformationen vorhanden wären.
yoshix_fix_function_debug.lib(yoshix_shader_manager.obj) : warning LNK4099: PDB "" wurde nicht mit "yoshix_fix_function_debug.lib(yoshix_shader_manager.obj)" oder an "" gefunden; Objekt wird verknüpft, als ob keine Debuginformationen vorhanden wären.
yoshix_fix_function_debug.lib(yoshix_texture_2d.obj) : warning LNK4099: PDB "" wurde nicht mit "yoshix_fix_function_debug.lib(yoshix_texture_2d.obj)" oder an "" gefunden; Objekt wird verknüpft, als ob keine Debuginformationen vorhanden wären.
yoshix_fix_function_debug.lib(yoshix_texture_manager.obj) : warning LNK4099: PDB "yoshix_fix_function.pdb" wurde nicht mit "yoshix_fix_function_debug.lib(yoshix_texture_manager.obj)" oder an "C:\Users\Livia\Documents\Studium FH Erfurt\7. Semester\GDV 1 - 2.0\gdv1_SnakeProjectSchumm\bin\yoshix_fix_function.pdb" gefunden; Objekt wird verknüpft, als ob keine Debuginformationen vorhanden wären.
yoshix_fix_function_debug.lib(yoshix_vertex_shader.obj) : warning LNK4099: PDB "" wurde nicht mit "yoshix_fix_function_debug.lib(yoshix_vertex_shader.obj)" oder an "" gefunden; Objekt wird verknüpft, als ob keine Debuginformationen vorhanden wären.
  app.vcxproj -> C:\Users\Livia\Documents\Studium FH Erfurt\7. Semester\GDV 1 - 2.0\gdv1_SnakeProjectSchumm\bin\snake-appd.exe
